<?xml version="1.0" encoding="UTF-8"?>
<testng-results skipped="0" failed="0" ignored="0" total="1" passed="1">
  <reporter-output>
  </reporter-output>
  <suite name="Default suite" duration-ms="11009" started-at="2018-10-29T22:21:22Z" finished-at="2018-10-29T22:21:33Z">
    <groups>
    </groups>
    <test name="Default test" duration-ms="11009" started-at="2018-10-29T22:21:22Z" finished-at="2018-10-29T22:21:33Z">
      <class name="com.wordoccurrences.test.WordCountTest">
        <test-method status="PASS" signature="wordCountTest()[pri:0, instance:com.wordoccurrences.test.WordCountTest@4520ebad]" name="wordCountTest" duration-ms="10984" started-at="2018-10-29T22:21:22Z" finished-at="2018-10-29T22:21:33Z">
          <reporter-output>
          </reporter-output>
        </test-method> <!-- wordCountTest -->
      </class> <!-- com.wordoccurrences.test.WordCountTest -->
    </test> <!-- Default test -->
  </suite> <!-- Default suite -->
</testng-results>
